<?xml version="1.0" encoding="UTF-8"?>
<!-- Generated by org.testng.reporters.JUnitReportReporter -->
<testsuite hostname="Abhijith" failures="0" tests="1" name="troubleTickets.TC_VT_002_Test" time="7.234" errors="0" timestamp="2023-03-23T17:16:55 IST" skipped="0">
  <testcase classname="troubleTickets.TC_VT_002_Test" name="toOpenNewTicketPage" time="7.234"/>
  <system-out>
Trouble Ticket Page is displayed Creating New Ticket page is displayed  </system-out>
</testsuite> <!-- troubleTickets.TC_VT_002_Test -->
