<?xml version="1.0" encoding="UTF-8"?>
<!-- Generated by org.testng.reporters.JUnitReportReporter -->
<testsuite hostname="Sumanth" failures="0" tests="1" name="organization.TC_VT_006_Test" time="13.445" errors="0" timestamp="2023-03-24T15:41:21 IST" skipped="0">
  <testcase classname="organization.TC_VT_006_Test" name="toOpenCreateOrganizationPage" time="13.445"/>
  <system-out>
Create organization page is displayed  </system-out>
</testsuite> <!-- organization.TC_VT_006_Test -->
