<?xml version="1.0" encoding="UTF-8"?>
<!-- Generated by org.testng.reporters.JUnitReportReporter -->
<testsuite hostname="Sumanth" failures="0" tests="1" name="organization.TC_VT_007_Test" time="11.474" errors="0" timestamp="2023-03-24T15:51:40 IST" skipped="0">
  <testcase classname="organization.TC_VT_007_Test" name="toVerifyAdvancedSearchButton" time="11.474"/>
  <system-out>
Advanced Search is displayed  </system-out>
</testsuite> <!-- organization.TC_VT_007_Test -->
