<?xml version="1.0" encoding="UTF-8"?>
<!-- Generated by org.testng.reporters.JUnitReportReporter -->
<testsuite hostname="Abhijith" failures="0" tests="1" name="testCaseSample.Sample_Test" time="6.801" errors="0" timestamp="2023-03-23T16:01:46 IST" skipped="0">
  <testcase classname="testCaseSample.Sample_Test" name="demo" time="6.801"/>
  <system-out/>
</testsuite> <!-- testCaseSample.Sample_Test -->
