<?xml version="1.0" encoding="UTF-8"?>
<!-- Generated by org.testng.reporters.JUnitReportReporter -->
<testsuite hostname="Sumanth" failures="0" tests="1" name="organization.TC_VT_002_Test" time="11.360" errors="0" timestamp="2023-03-24T11:22:01 IST" skipped="0">
  <testcase classname="organization.TC_VT_002_Test" name="toClickOnSearchTextField" time="11.360"/>
  <system-out>
DropDown is displayed  </system-out>
</testsuite> <!-- organization.TC_VT_002_Test -->
