<?xml version="1.0" encoding="UTF-8"?>
<!-- Generated by org.testng.reporters.JUnitReportReporter -->
<testsuite hostname="Sumanth" failures="0" tests="1" name="organization.TC_VT_003_Test" time="11.177" errors="0" timestamp="2023-03-24T14:54:05 IST" skipped="0">
  <testcase classname="organization.TC_VT_003_Test" name="toClickOnUnselectAllbutton" time="11.177"/>
  <system-out>
Dropdown is not closed  </system-out>
</testsuite> <!-- organization.TC_VT_003_Test -->
