<?xml version="1.0" encoding="UTF-8"?>
<!-- Generated by org.testng.reporters.JUnitReportReporter -->
<testsuite hostname="Abhijith" failures="0" tests="1" name="testCaseSample.TC_SampleTestCase_Test" time="7.825" errors="0" timestamp="2023-03-17T11:26:39 IST" skipped="0">
  <testcase classname="testCaseSample.TC_SampleTestCase_Test" name="sample" time="7.825"/>
  <system-out/>
</testsuite> <!-- testCaseSample.TC_SampleTestCase_Test -->
