<?xml version="1.0" encoding="UTF-8"?>
<!-- Generated by org.testng.reporters.JUnitReportReporter -->
<testsuite hostname="Abhijith" failures="0" tests="1" name="troubleTickets.TC_VT_001_Test" time="8.975" errors="0" timestamp="2023-03-23T16:32:30 IST" skipped="0">
  <testcase classname="troubleTickets.TC_VT_001_Test" name="toOpenTroubleTicketsPage" time="8.975"/>
  <system-out>
Trouble Ticket Page is displayed  </system-out>
</testsuite> <!-- troubleTickets.TC_VT_001_Test -->
