<?xml version="1.0" encoding="UTF-8"?>
<!-- Generated by org.testng.reporters.JUnitReportReporter -->
<testsuite hostname="Sumanth" failures="0" tests="1" name="organization.TC_VT_005_Test" time="10.205" errors="0" timestamp="2023-03-24T15:31:50 IST" skipped="0">
  <testcase classname="organization.TC_VT_005_Test" name="ToCheckCreateOrganizationAvailability" time="10.205"/>
  <system-out>
Cretae organization is available in the dropdown  </system-out>
</testsuite> <!-- organization.TC_VT_005_Test -->
