<?xml version="1.0" encoding="UTF-8"?>
<!-- Generated by org.testng.reporters.JUnitReportReporter -->
<testsuite hostname="Sumanth" failures="0" tests="1" name="organization.TC_VT_009_Test" time="12.390" errors="0" timestamp="2023-03-24T16:27:24 IST" skipped="0">
  <testcase classname="organization.TC_VT_009_Test" name="closeSearch" time="12.390"/>
  <system-out>
Drop down is closed  </system-out>
</testsuite> <!-- organization.TC_VT_009_Test -->
