<?xml version="1.0" encoding="UTF-8"?>
<!-- Generated by org.testng.reporters.JUnitReportReporter -->
<testsuite hostname="Sumanth" failures="0" tests="1" name="organization.TC_VT_004_Test" time="12.088" errors="0" timestamp="2023-03-24T15:17:14 IST" skipped="0">
  <testcase classname="organization.TC_VT_004_Test" name="toClickOnSearchButton" time="12.088"/>
  <system-out>
Search was executed properly  </system-out>
</testsuite> <!-- organization.TC_VT_004_Test -->
