<?xml version="1.0" encoding="UTF-8"?>
<!-- Generated by org.testng.reporters.JUnitReportReporter -->
<testsuite hostname="Sumanth" failures="0" tests="1" name="organization.TC_VT_008_Test" time="10.873" errors="0" timestamp="2023-03-24T16:06:43 IST" skipped="0">
  <testcase classname="organization.TC_VT_008_Test" name="toVerifyAdditionOfNewGroup" time="10.873"/>
  <system-out>
New group is added  </system-out>
</testsuite> <!-- organization.TC_VT_008_Test -->
